<?xml version="1.0" encoding="UTF-8"?>
<testsuite name="com.eteration.simplebanking.DemoApplicationTests" tests="1" skipped="0" failures="0" errors="0" timestamp="2024-01-27T12:03:37" hostname="192.168.1.76" time="0.001">
  <properties/>
  <testcase name="contextLoads()" classname="com.eteration.simplebanking.DemoApplicationTests" time="0.001"/>
  <system-out><![CDATA[2024-01-27 15:03:37.644  INFO 10269 --- [    Test worker] o.s.t.c.support.AbstractContextLoader    : Could not detect default resource locations for test class [com.eteration.simplebanking.DemoApplicationTests]: no resource found for suffixes {-context.xml, Context.groovy}.
2024-01-27 15:03:37.645  INFO 10269 --- [    Test worker] t.c.s.AnnotationConfigContextLoaderUtils : Could not detect default configuration classes for test class [com.eteration.simplebanking.DemoApplicationTests]: DemoApplicationTests does not declare any static, non-private, non-final, nested classes annotated with @Configuration.
2024-01-27 15:03:37.645  INFO 10269 --- [    Test worker] .b.t.c.SpringBootTestContextBootstrapper : Found @SpringBootConfiguration com.eteration.simplebanking.DemoApplication for test class com.eteration.simplebanking.DemoApplicationTests
2024-01-27 15:03:37.646  INFO 10269 --- [    Test worker] .b.t.c.SpringBootTestContextBootstrapper : Loaded default TestExecutionListener class names from location [META-INF/spring.factories]: [org.springframework.boot.test.autoconfigure.restdocs.RestDocsTestExecutionListener, org.springframework.boot.test.autoconfigure.web.client.MockRestServiceServerResetTestExecutionListener, org.springframework.boot.test.autoconfigure.web.servlet.MockMvcPrintOnlyOnFailureTestExecutionListener, org.springframework.boot.test.autoconfigure.web.servlet.WebDriverTestExecutionListener, org.springframework.boot.test.autoconfigure.webservices.client.MockWebServiceServerTestExecutionListener, org.springframework.boot.test.mock.mockito.MockitoTestExecutionListener, org.springframework.boot.test.mock.mockito.ResetMocksTestExecutionListener, org.springframework.test.context.web.ServletTestExecutionListener, org.springframework.test.context.support.DirtiesContextBeforeModesTestExecutionListener, org.springframework.test.context.event.ApplicationEventsTestExecutionListener, org.springframework.test.context.support.DependencyInjectionTestExecutionListener, org.springframework.test.context.support.DirtiesContextTestExecutionListener, org.springframework.test.context.transaction.TransactionalTestExecutionListener, org.springframework.test.context.jdbc.SqlScriptsTestExecutionListener, org.springframework.test.context.event.EventPublishingTestExecutionListener]
2024-01-27 15:03:37.646  INFO 10269 --- [    Test worker] .b.t.c.SpringBootTestContextBootstrapper : Using TestExecutionListeners: [org.springframework.test.context.web.ServletTestExecutionListener@5620470a, org.springframework.test.context.support.DirtiesContextBeforeModesTestExecutionListener@29682244, org.springframework.test.context.event.ApplicationEventsTestExecutionListener@3368cf02, org.springframework.boot.test.mock.mockito.MockitoTestExecutionListener@2e76ade9, org.springframework.boot.test.autoconfigure.SpringBootDependencyInjectionTestExecutionListener@7a3ab73a, org.springframework.test.context.support.DirtiesContextTestExecutionListener@12a8d03b, org.springframework.test.context.transaction.TransactionalTestExecutionListener@67cd1db3, org.springframework.test.context.jdbc.SqlScriptsTestExecutionListener@7ccfed46, org.springframework.test.context.event.EventPublishingTestExecutionListener@53630682, org.springframework.boot.test.autoconfigure.restdocs.RestDocsTestExecutionListener@71e2ddd, org.springframework.boot.test.autoconfigure.web.client.MockRestServiceServerResetTestExecutionListener@8318808, org.springframework.boot.test.autoconfigure.web.servlet.MockMvcPrintOnlyOnFailureTestExecutionListener@b97f195, org.springframework.boot.test.autoconfigure.web.servlet.WebDriverTestExecutionListener@408bb173, org.springframework.boot.test.autoconfigure.webservices.client.MockWebServiceServerTestExecutionListener@360d0c7a, org.springframework.boot.test.mock.mockito.ResetMocksTestExecutionListener@32f8a37b]

  .   ____          _            __ _ _
 /\\ / ___'_ __ _ _(_)_ __  __ _ \ \ \ \
( ( )\___ | '_ | '_| | '_ \/ _` | \ \ \ \
 \\/  ___)| |_)| | | | | || (_| |  ) ) ) )
  '  |____| .__|_| |_|_| |_\__, | / / / /
 =========|_|==============|___/=/_/_/_/
 :: Spring Boot ::                (v2.5.6)

2024-01-27 15:03:37.658  INFO 10269 --- [    Test worker] c.e.simplebanking.DemoApplicationTests   : Starting DemoApplicationTests using Java 17.0.8.1 on 192.168.1.76 with PID 10269 (started by burakince in /Users/burakince/Desktop/simplebanking)
2024-01-27 15:03:37.658  INFO 10269 --- [    Test worker] c.e.simplebanking.DemoApplicationTests   : No active profile set, falling back to default profiles: default
2024-01-27 15:03:37.710  INFO 10269 --- [    Test worker] .s.d.r.c.RepositoryConfigurationDelegate : Bootstrapping Spring Data JPA repositories in DEFAULT mode.
2024-01-27 15:03:37.713  INFO 10269 --- [    Test worker] .s.d.r.c.RepositoryConfigurationDelegate : Finished Spring Data repository scanning in 2 ms. Found 1 JPA repository interfaces.
2024-01-27 15:03:37.781  INFO 10269 --- [    Test worker] o.hibernate.jpa.internal.util.LogHelper  : HHH000204: Processing PersistenceUnitInfo [name: default]
2024-01-27 15:03:37.783  INFO 10269 --- [    Test worker] com.zaxxer.hikari.HikariDataSource       : HikariPool-2 - Starting...
2024-01-27 15:03:37.784  INFO 10269 --- [    Test worker] com.zaxxer.hikari.HikariDataSource       : HikariPool-2 - Start completed.
2024-01-27 15:03:37.784  INFO 10269 --- [    Test worker] org.hibernate.dialect.Dialect            : HHH000400: Using dialect: org.hibernate.dialect.H2Dialect
2024-01-27 15:03:37.817  INFO 10269 --- [    Test worker] o.h.e.t.j.p.i.JtaPlatformInitiator       : HHH000490: Using JtaPlatform implementation: [org.hibernate.engine.transaction.jta.platform.internal.NoJtaPlatform]
2024-01-27 15:03:37.818  INFO 10269 --- [    Test worker] j.LocalContainerEntityManagerFactoryBean : Initialized JPA EntityManagerFactory for persistence unit 'default'
2024-01-27 15:03:37.876  WARN 10269 --- [    Test worker] JpaBaseConfiguration$JpaWebConfiguration : spring.jpa.open-in-view is enabled by default. Therefore, database queries may be performed during view rendering. Explicitly configure spring.jpa.open-in-view to disable this warning
2024-01-27 15:03:37.978  INFO 10269 --- [    Test worker] c.e.simplebanking.DemoApplicationTests   : Started DemoApplicationTests in 0.331 seconds (JVM running for 3.473)
]]></system-out>
  <system-err><![CDATA[]]></system-err>
</testsuite>
