<?xml version="1.0" encoding="UTF-8"?>
<testsuite name="com.eteration.simplebanking.AccountServiceTest" tests="1" skipped="0" failures="0" errors="0" timestamp="2024-01-27T12:03:34" hostname="192.168.1.76" time="0.275">
  <properties/>
  <testcase name="it_should_find_account()" classname="com.eteration.simplebanking.AccountServiceTest" time="0.275"/>
  <system-out><![CDATA[]]></system-out>
  <system-err><![CDATA[]]></system-err>
</testsuite>
