<?xml version="1.0" encoding="UTF-8"?>
<testsuite name="com.eteration.simplebanking.ModelTest" tests="5" skipped="0" failures="0" errors="0" timestamp="2024-01-27T12:03:36" hostname="192.168.1.76" time="0.004">
  <properties/>
  <testcase name="testTransactions()" classname="com.eteration.simplebanking.ModelTest" time="0.001"/>
  <testcase name="testWithdrawFromBankAccount()" classname="com.eteration.simplebanking.ModelTest" time="0.001"/>
  <testcase name="testCreateAccountAndSetBalance0()" classname="com.eteration.simplebanking.ModelTest" time="0.0"/>
  <testcase name="testDepositIntoBankAccount()" classname="com.eteration.simplebanking.ModelTest" time="0.0"/>
  <testcase name="testWithdrawException()" classname="com.eteration.simplebanking.ModelTest" time="0.001"/>
  <system-out><![CDATA[]]></system-out>
  <system-err><![CDATA[]]></system-err>
</testsuite>
